<?xml version="1.0" encoding="UTF-8"?>
<testng-results ignored="0" total="5" passed="4" failed="1" skipped="0">
  <reporter-output>
  </reporter-output>
  <suite started-at="2022-12-20T20:59:42 IST" name="Suite" finished-at="2022-12-20T21:00:17 IST" duration-ms="35258">
    <groups>
    </groups>
    <test started-at="2022-12-20T20:59:42 IST" name="Test" finished-at="2022-12-20T21:00:17 IST" duration-ms="35258">
      <class name="com.internet_heruku.CheckBoxesTest">
        <test-method is-config="true" signature="setUp()[pri:0, instance:com.internet_heruku.CheckBoxesTest@4f6ee6e4]" started-at="2022-12-20T21:00:05 IST" name="setUp" finished-at="2022-12-20T21:00:10 IST" duration-ms="5232" status="PASS">
          <reporter-output>
          </reporter-output>
        </test-method> <!-- setUp -->
        <test-method signature="clickonCheckBoxesLink()[pri:0, instance:com.internet_heruku.CheckBoxesTest@4f6ee6e4]" started-at="2022-12-20T21:00:10 IST" name="clickonCheckBoxesLink" finished-at="2022-12-20T21:00:11 IST" duration-ms="515" status="PASS">
          <reporter-output>
          </reporter-output>
        </test-method> <!-- clickonCheckBoxesLink -->
        <test-method is-config="true" signature="tearDown()[pri:0, instance:com.internet_heruku.CheckBoxesTest@4f6ee6e4]" started-at="2022-12-20T21:00:11 IST" name="tearDown" finished-at="2022-12-20T21:00:11 IST" duration-ms="244" status="PASS">
          <reporter-output>
          </reporter-output>
        </test-method> <!-- tearDown -->
      </class> <!-- com.internet_heruku.CheckBoxesTest -->
      <class name="com.internet_heruku.AbTest">
        <test-method is-config="true" signature="setUp()[pri:0, instance:com.internet_heruku.AbTest@a514af7]" started-at="2022-12-20T21:00:11 IST" name="setUp" finished-at="2022-12-20T21:00:16 IST" duration-ms="5138" status="PASS">
          <reporter-output>
          </reporter-output>
        </test-method> <!-- setUp -->
        <test-method signature="verifyAbTestingPageOpened()[pri:1, instance:com.internet_heruku.AbTest@a514af7]" started-at="2022-12-20T21:00:16 IST" name="verifyAbTestingPageOpened" finished-at="2022-12-20T21:00:17 IST" duration-ms="919" status="FAIL">
          <exception class="org.openqa.selenium.InvalidSelectorException">
            <message>
              <![CDATA[invalid selector: An invalid or illegal selector was specified
  (Session info: chrome=108.0.5359.125)
For documentation on this error, please visit: https://selenium.dev/exceptions/#invalid_selector_exception
Build info: version: '4.6.0', revision: '79f1c02ae20'
System info: os.name: 'Windows 10', os.arch: 'amd64', os.version: '10.0', java.version: '19.0.1'
Driver info: org.openqa.selenium.chrome.ChromeDriver
Command: [1288a799cf30cd3f453d23c680ee0b02, findElement {using=css selector, value=//h3[text()='A/B Test Variation 1']}]
Capabilities {acceptInsecureCerts: false, browserName: chrome, browserVersion: 108.0.5359.125, chrome: {chromedriverVersion: 108.0.5359.71 (1e0e3868ee06..., userDataDir: C:\Users\likit\AppData\Loca...}, goog:chromeOptions: {debuggerAddress: localhost:52952}, networkConnectionEnabled: false, pageLoadStrategy: normal, platformName: WINDOWS, proxy: Proxy(), se:cdp: ws://localhost:52952/devtoo..., se:cdpVersion: 108.0.5359.125, setWindowRect: true, strictFileInteractability: false, timeouts: {implicit: 0, pageLoad: 300000, script: 30000}, unhandledPromptBehavior: dismiss and notify, webauthn:extension:credBlob: true, webauthn:extension:largeBlob: true, webauthn:virtualAuthenticators: true}
Session ID: 1288a799cf30cd3f453d23c680ee0b02]]>
            </message>
            <full-stacktrace>
              <![CDATA[org.openqa.selenium.InvalidSelectorException: invalid selector: An invalid or illegal selector was specified
  (Session info: chrome=108.0.5359.125)
For documentation on this error, please visit: https://selenium.dev/exceptions/#invalid_selector_exception
Build info: version: '4.6.0', revision: '79f1c02ae20'
System info: os.name: 'Windows 10', os.arch: 'amd64', os.version: '10.0', java.version: '19.0.1'
Driver info: org.openqa.selenium.chrome.ChromeDriver
Command: [1288a799cf30cd3f453d23c680ee0b02, findElement {using=css selector, value=//h3[text()='A/B Test Variation 1']}]
Capabilities {acceptInsecureCerts: false, browserName: chrome, browserVersion: 108.0.5359.125, chrome: {chromedriverVersion: 108.0.5359.71 (1e0e3868ee06..., userDataDir: C:\Users\likit\AppData\Loca...}, goog:chromeOptions: {debuggerAddress: localhost:52952}, networkConnectionEnabled: false, pageLoadStrategy: normal, platformName: WINDOWS, proxy: Proxy(), se:cdp: ws://localhost:52952/devtoo..., se:cdpVersion: 108.0.5359.125, setWindowRect: true, strictFileInteractability: false, timeouts: {implicit: 0, pageLoad: 300000, script: 30000}, unhandledPromptBehavior: dismiss and notify, webauthn:extension:credBlob: true, webauthn:extension:largeBlob: true, webauthn:virtualAuthenticators: true}
Session ID: 1288a799cf30cd3f453d23c680ee0b02
at java.base/jdk.internal.reflect.DirectConstructorHandleAccessor.newInstance(DirectConstructorHandleAccessor.java:67)
at java.base/java.lang.reflect.Constructor.newInstanceWithCaller(Constructor.java:500)
at java.base/java.lang.reflect.Constructor.newInstance(Constructor.java:484)
at org.openqa.selenium.remote.codec.w3c.W3CHttpResponseCodec.createException(W3CHttpResponseCodec.java:200)
at org.openqa.selenium.remote.codec.w3c.W3CHttpResponseCodec.decode(W3CHttpResponseCodec.java:133)
at org.openqa.selenium.remote.codec.w3c.W3CHttpResponseCodec.decode(W3CHttpResponseCodec.java:53)
at org.openqa.selenium.remote.HttpCommandExecutor.execute(HttpCommandExecutor.java:184)
at org.openqa.selenium.remote.service.DriverCommandExecutor.invokeExecute(DriverCommandExecutor.java:167)
at org.openqa.selenium.remote.service.DriverCommandExecutor.execute(DriverCommandExecutor.java:142)
at org.openqa.selenium.remote.RemoteWebDriver.execute(RemoteWebDriver.java:541)
at org.openqa.selenium.remote.ElementLocation$ElementFinder$2.findElement(ElementLocation.java:162)
at org.openqa.selenium.remote.ElementLocation.findElement(ElementLocation.java:60)
at org.openqa.selenium.remote.RemoteWebDriver.findElement(RemoteWebDriver.java:365)
at org.openqa.selenium.remote.RemoteWebDriver.findElement(RemoteWebDriver.java:357)
at org.openqa.selenium.support.pagefactory.DefaultElementLocator.findElement(DefaultElementLocator.java:70)
at org.openqa.selenium.support.pagefactory.internal.LocatingElementHandler.invoke(LocatingElementHandler.java:39)
at jdk.proxy2/jdk.proxy2.$Proxy14.click(Unknown Source)
at com.internet_heruku.pages.ABTestingPage.clickonheader(ABTestingPage.java:25)
at com.internet_heruku.AbTest.verifyAbTestingPageOpened(AbTest.java:54)
at java.base/jdk.internal.reflect.DirectMethodHandleAccessor.invoke(DirectMethodHandleAccessor.java:104)
at java.base/java.lang.reflect.Method.invoke(Method.java:578)
at org.testng.internal.invokers.MethodInvocationHelper.invokeMethod(MethodInvocationHelper.java:139)
at org.testng.internal.invokers.TestInvoker.invokeMethod(TestInvoker.java:677)
at org.testng.internal.invokers.TestInvoker.invokeTestMethod(TestInvoker.java:221)
at org.testng.internal.invokers.MethodRunner.runInSequence(MethodRunner.java:50)
at org.testng.internal.invokers.TestInvoker$MethodInvocationAgent.invoke(TestInvoker.java:969)
at org.testng.internal.invokers.TestInvoker.invokeTestMethods(TestInvoker.java:194)
at org.testng.internal.invokers.TestMethodWorker.invokeTestMethods(TestMethodWorker.java:148)
at org.testng.internal.invokers.TestMethodWorker.run(TestMethodWorker.java:128)
at java.base/java.util.ArrayList.forEach(ArrayList.java:1511)
at org.testng.TestRunner.privateRun(TestRunner.java:829)
at org.testng.TestRunner.run(TestRunner.java:602)
at org.testng.SuiteRunner.runTest(SuiteRunner.java:437)
at org.testng.SuiteRunner.runSequentially(SuiteRunner.java:431)
at org.testng.SuiteRunner.privateRun(SuiteRunner.java:391)
at org.testng.SuiteRunner.run(SuiteRunner.java:330)
at org.testng.SuiteRunnerWorker.runSuite(SuiteRunnerWorker.java:52)
at org.testng.SuiteRunnerWorker.run(SuiteRunnerWorker.java:95)
at org.testng.TestNG.runSuitesSequentially(TestNG.java:1256)
at org.testng.TestNG.runSuitesLocally(TestNG.java:1176)
at org.testng.TestNG.runSuites(TestNG.java:1099)
at org.testng.TestNG.run(TestNG.java:1067)
at org.apache.maven.surefire.testng.TestNGExecutor.run(TestNGExecutor.java:324)
at org.apache.maven.surefire.testng.TestNGXmlTestSuite.execute(TestNGXmlTestSuite.java:74)
at org.apache.maven.surefire.testng.TestNGProvider.invoke(TestNGProvider.java:123)
at org.apache.maven.surefire.booter.ForkedBooter.runSuitesInProcess(ForkedBooter.java:456)
at org.apache.maven.surefire.booter.ForkedBooter.execute(ForkedBooter.java:169)
at org.apache.maven.surefire.booter.ForkedBooter.run(ForkedBooter.java:595)
at org.apache.maven.surefire.booter.ForkedBooter.main(ForkedBooter.java:581)
]]>
            </full-stacktrace>
          </exception> <!-- org.openqa.selenium.InvalidSelectorException -->
          <reporter-output>
          </reporter-output>
        </test-method> <!-- verifyAbTestingPageOpened -->
        <test-method is-config="true" signature="tearDown()[pri:0, instance:com.internet_heruku.AbTest@a514af7]" started-at="2022-12-20T21:00:17 IST" name="tearDown" finished-at="2022-12-20T21:00:17 IST" duration-ms="285" status="PASS">
          <reporter-output>
          </reporter-output>
        </test-method> <!-- tearDown -->
      </class> <!-- com.internet_heruku.AbTest -->
      <class name="com.internet_heruku.HomePageTest">
        <test-method is-config="true" signature="setUp()[pri:0, instance:com.internet_heruku.HomePageTest@5f058f00]" started-at="2022-12-20T20:59:43 IST" name="setUp" finished-at="2022-12-20T20:59:49 IST" duration-ms="6900" status="PASS">
          <reporter-output>
          </reporter-output>
        </test-method> <!-- setUp -->
        <test-method signature="VerifyForkMe()[pri:0, instance:com.internet_heruku.HomePageTest@5f058f00]" started-at="2022-12-20T20:59:49 IST" name="VerifyForkMe" finished-at="2022-12-20T20:59:51 IST" duration-ms="1741" status="PASS">
          <reporter-output>
          </reporter-output>
        </test-method> <!-- VerifyForkMe -->
        <test-method is-config="true" signature="tearDown()[pri:0, instance:com.internet_heruku.HomePageTest@5f058f00]" started-at="2022-12-20T20:59:51 IST" name="tearDown" finished-at="2022-12-20T20:59:51 IST" duration-ms="254" status="PASS">
          <reporter-output>
          </reporter-output>
        </test-method> <!-- tearDown -->
        <test-method is-config="true" signature="setUp()[pri:0, instance:com.internet_heruku.HomePageTest@5f058f00]" started-at="2022-12-20T20:59:51 IST" name="setUp" finished-at="2022-12-20T20:59:58 IST" duration-ms="6879" status="PASS">
          <reporter-output>
          </reporter-output>
        </test-method> <!-- setUp -->
        <test-method signature="VerifycountOfLinks()[pri:0, instance:com.internet_heruku.HomePageTest@5f058f00]" started-at="2022-12-20T20:59:58 IST" name="VerifycountOfLinks" finished-at="2022-12-20T20:59:58 IST" duration-ms="33" status="PASS">
          <reporter-output>
          </reporter-output>
        </test-method> <!-- VerifycountOfLinks -->
        <test-method is-config="true" signature="tearDown()[pri:0, instance:com.internet_heruku.HomePageTest@5f058f00]" started-at="2022-12-20T20:59:58 IST" name="tearDown" finished-at="2022-12-20T20:59:59 IST" duration-ms="315" status="PASS">
          <reporter-output>
          </reporter-output>
        </test-method> <!-- tearDown -->
        <test-method is-config="true" signature="setUp()[pri:0, instance:com.internet_heruku.HomePageTest@5f058f00]" started-at="2022-12-20T20:59:59 IST" name="setUp" finished-at="2022-12-20T21:00:04 IST" duration-ms="5772" status="PASS">
          <reporter-output>
          </reporter-output>
        </test-method> <!-- setUp -->
        <test-method signature="verifyHomePageOpen()[pri:1, instance:com.internet_heruku.HomePageTest@5f058f00]" started-at="2022-12-20T21:00:04 IST" name="verifyHomePageOpen" finished-at="2022-12-20T21:00:05 IST" duration-ms="70" status="PASS">
          <reporter-output>
          </reporter-output>
        </test-method> <!-- verifyHomePageOpen -->
        <test-method is-config="true" signature="tearDown()[pri:0, instance:com.internet_heruku.HomePageTest@5f058f00]" started-at="2022-12-20T21:00:05 IST" name="tearDown" finished-at="2022-12-20T21:00:05 IST" duration-ms="307" status="PASS">
          <reporter-output>
          </reporter-output>
        </test-method> <!-- tearDown -->
      </class> <!-- com.internet_heruku.HomePageTest -->
    </test> <!-- Test -->
  </suite> <!-- Suite -->
</testng-results>
